Using pre-set license
Built from '2020.3/staging' branch; Version is '2020.3.8f1 (507919d4fff5) revision 5273881'; Using compiler version '192528614'; Build Type 'Release'
OS: 'Windows 10 Pro; OS build 22000.318; Version 2009; 64bit' Language: 'tr' Physical Memory: 14284 MB
BatchMode: 1, IsHumanControllingUs: 0, StartBugReporterOnCrash: 0, Is64bit: 1, IsPro: 0

 COMMAND LINE ARGUMENTS:
C:\Program Files\Unity\Hub\Editor\2020.3.8f1\Editor\Unity.exe
-adb2
-batchMode
-noUpm
-name
AssetImportWorker0
-projectPath
C:/Coding/Unity/UCSB
-logFile
Logs/AssetImportWorker0.log
-srvPort
61819
Successfully changed project path to: C:/Coding/Unity/UCSB
C:/Coding/Unity/UCSB
Using Asset Import Pipeline V2.
Refreshing native plugins compatible for Editor in 73.39 ms, found 0 plugins.
Preloading 0 native plugins for Editor in 0.00 ms.
Initialize engine version: 2020.3.8f1 (507919d4fff5)
[Subsystems] Discovering subsystems at path C:/Program Files/Unity/Hub/Editor/2020.3.8f1/Editor/Data/Resources/UnitySubsystems
[Subsystems] Discovering subsystems at path C:/Coding/Unity/UCSB/Assets
GfxDevice: creating device client; threaded=0
Direct3D:
    Version:  Direct3D 11.0 [level 11.1]
    Renderer: AMD Radeon(TM) RX Vega 11 Graphics (ID=0x15dd)
    Vendor:   
    VRAM:     7142 MB
    Driver:   27.20.11044.7
Shader 'Universal Render Pipeline/Particles/Lit': fallback shader 'Universal Render Pipeline/Particles/SimpleLit' not found
Initialize mono
Mono path[0] = 'C:/Program Files/Unity/Hub/Editor/2020.3.8f1/Editor/Data/Managed'
Mono path[1] = 'C:/Program Files/Unity/Hub/Editor/2020.3.8f1/Editor/Data/MonoBleedingEdge/lib/mono/unityjit'
Mono config path = 'C:/Program Files/Unity/Hub/Editor/2020.3.8f1/Editor/Data/MonoBleedingEdge/etc'
Using monoOptions --debugger-agent=transport=dt_socket,embedding=1,server=y,suspend=n,address=127.0.0.1:56112
Begin MonoManager ReloadAssembly
Registering precompiled unity dll's ...
Register platform support module: C:/Program Files/Unity/Hub/Editor/2020.3.8f1/Editor/Data/PlaybackEngines/WindowsStandaloneSupport/UnityEditor.WindowsStandalone.Extensions.dll
Registered in 0.002269 seconds.
Native extension for WindowsStandalone target not found
Refreshing native plugins compatible for Editor in 63.96 ms, found 0 plugins.
Preloading 0 native plugins for Editor in 0.00 ms.
Mono: successfully reloaded assembly
- Completed reload, in  2.560 seconds
Platform modules already initialized, skipping
Registering precompiled user dll's ...
Registered in 0.002821 seconds.
Begin MonoManager ReloadAssembly
Native extension for WindowsStandalone target not found
Refreshing native plugins compatible for Editor in 70.80 ms, found 0 plugins.
Preloading 0 native plugins for Editor in 0.00 ms.
Mono: successfully reloaded assembly
- Completed reload, in  1.371 seconds
Platform modules already initialized, skipping
========================================================================
Worker process is ready to serve import requests
Shader 'Universal Render Pipeline/Particles/Lit': fallback shader 'Universal Render Pipeline/Particles/SimpleLit' not found
Launched and connected shader compiler UnityShaderCompiler.exe after 0.07 seconds
Refreshing native plugins compatible for Editor in 0.74 ms, found 0 plugins.
Preloading 0 native plugins for Editor in 0.00 ms.
Unloading 2459 Unused Serialized files (Serialized files now loaded: 0)
System memory in use before: 116.8 MB.
System memory in use after: 116.9 MB.

Unloading 10 unused Assets to reduce memory usage. Loaded Objects now: 2902.
Total: 4.140200 ms (FindLiveObjects: 0.365900 ms CreateObjectMapping: 0.134400 ms MarkObjects: 3.500000 ms  DeleteObjects: 0.137900 ms)

========================================================================
Received Import Request.
  path: Assets/NewShaderVariants.shadervariants
  artifactKey: Guid(c2ae3ebb79b70d74ea08d2d980f24a6f) Importer(815301076,1909f56bfc062723c751e8b465ee728b)
Start importing Assets/NewShaderVariants.shadervariants using Guid(c2ae3ebb79b70d74ea08d2d980f24a6f) Importer(815301076,1909f56bfc062723c751e8b465ee728b)  -> (artifact id: 'f1ce5fdc3415cf0eec759c87a8961e85') in 0.068172 seconds
  Import took 0.073902 seconds .

========================================================================
Received Import Request.
  Time since last request: 0.000212 seconds.
  path: Assets/Readme.asset
  artifactKey: Guid(83c2ed844a8c74b779a4c823d16594b1) Importer(815301076,1909f56bfc062723c751e8b465ee728b)
Start importing Assets/Readme.asset using Guid(83c2ed844a8c74b779a4c823d16594b1) Importer(815301076,1909f56bfc062723c751e8b465ee728b)  -> (artifact id: '8ffd2c44ffeb50c574abb5d0c4453328') in 0.019544 seconds
  Import took 0.025819 seconds .

========================================================================
Received Import Request.
  Time since last request: 45.420906 seconds.
  path: Assets/Scenes
  artifactKey: Guid(1fd0215e42849bb419545edee0468849) Importer(815301076,1909f56bfc062723c751e8b465ee728b)
Start importing Assets/Scenes using Guid(1fd0215e42849bb419545edee0468849) Importer(815301076,1909f56bfc062723c751e8b465ee728b)  -> (artifact id: '3461e18c2117ecbe0af1ecc1c2c5afbd') in 0.019291 seconds
  Import took 0.023473 seconds .

========================================================================
Received Import Request.
  Time since last request: 0.959681 seconds.
  path: Assets/Scenes/MainMenu.unity
  artifactKey: Guid(815f2b116dc843b4e810c53f45e2a876) Importer(815301076,1909f56bfc062723c751e8b465ee728b)
Start importing Assets/Scenes/MainMenu.unity using Guid(815f2b116dc843b4e810c53f45e2a876) Importer(815301076,1909f56bfc062723c751e8b465ee728b)  -> (artifact id: '11b1b480eb8c37b6388f6b31ebb80ff6') in 0.015280 seconds
  Import took 0.019078 seconds .

========================================================================
Received Import Request.
  Time since last request: 0.660662 seconds.
  path: Assets/Scenes/SampleScene.unity
  artifactKey: Guid(d1c3109bdb54ad54c8a2b2838528e640) Importer(815301076,1909f56bfc062723c751e8b465ee728b)
Start importing Assets/Scenes/SampleScene.unity using Guid(d1c3109bdb54ad54c8a2b2838528e640) Importer(815301076,1909f56bfc062723c751e8b465ee728b)  -> (artifact id: 'b3d89e26d6fbd9282a3aca576d322c06') in 0.011570 seconds
  Import took 0.015806 seconds .

========================================================================
Received Import Request.
  Time since last request: 165.038871 seconds.
  path: Assets/Course Library/_Source_Files/FBX/Animations/Mask_Upper.mask
  artifactKey: Guid(8f022796fa5205e4483f40dd7b373bb4) Importer(815301076,1909f56bfc062723c751e8b465ee728b)
Start importing Assets/Course Library/_Source_Files/FBX/Animations/Mask_Upper.mask using Guid(8f022796fa5205e4483f40dd7b373bb4) Importer(815301076,1909f56bfc062723c751e8b465ee728b)  -> (artifact id: '31f7acb56da7eb445c7e7800a71c95bd') in 0.023857 seconds
  Import took 0.029909 seconds .

========================================================================
Received Import Request.
  Time since last request: 0.169344 seconds.
  path: Assets/Course Library/_Source_Files/FBX/Animations/SimpleCharacter_5.0.controller
  artifactKey: Guid(1de385df2ff713a41adfcbbb63b8af91) Importer(815301076,1909f56bfc062723c751e8b465ee728b)
Start importing Assets/Course Library/_Source_Files/FBX/Animations/SimpleCharacter_5.0.controller using Guid(1de385df2ff713a41adfcbbb63b8af91) Importer(815301076,1909f56bfc062723c751e8b465ee728b)  -> (artifact id: '1904bde0e83846acea1eb1b6f76c38e6') in 0.063779 seconds
  Import took 0.071208 seconds .

========================================================================
Received Prepare
Registering precompiled user dll's ...
Registered in 0.002376 seconds.
Begin MonoManager ReloadAssembly
Native extension for WindowsStandalone target not found
Refreshing native plugins compatible for Editor in 0.51 ms, found 0 plugins.
Preloading 0 native plugins for Editor in 0.00 ms.
Mono: successfully reloaded assembly
- Completed reload, in  1.292 seconds
Platform modules already initialized, skipping
Shader 'Universal Render Pipeline/Particles/Lit': fallback shader 'Universal Render Pipeline/Particles/SimpleLit' not found
Refreshing native plugins compatible for Editor in 0.40 ms, found 0 plugins.
Preloading 0 native plugins for Editor in 0.00 ms.
Unloading 2337 Unused Serialized files (Serialized files now loaded: 0)
System memory in use before: 109.2 MB.
System memory in use after: 109.5 MB.

Unloading 5 unused Assets to reduce memory usage. Loaded Objects now: 2907.
Total: 2.393900 ms (FindLiveObjects: 0.244600 ms CreateObjectMapping: 0.070500 ms MarkObjects: 2.057200 ms  DeleteObjects: 0.020100 ms)

========================================================================
Received Import Request.
  Time since last request: 165.908539 seconds.
  path: Assets/Course Library/_Source_Files/FBX/Animations_Static.fbx
  artifactKey: Guid(7039333667ba45840b1411867278ee2e) Importer(815301076,1909f56bfc062723c751e8b465ee728b)
Start importing Assets/Course Library/_Source_Files/FBX/Animations_Static.fbx using Guid(7039333667ba45840b1411867278ee2e) Importer(815301076,1909f56bfc062723c751e8b465ee728b)  -> (artifact id: '7d6d8ecf33cc5d13cd6e72c4f56176dd') in 0.073174 seconds
  Import took 0.077511 seconds .

========================================================================
Received Import Request.
  Time since last request: 0.000172 seconds.
  path: Assets/Course Library/_Source_Files/FBX/SimplePeople.fbx
  artifactKey: Guid(c72c97e952bf7834b85e6164373d310d) Importer(815301076,1909f56bfc062723c751e8b465ee728b)
Start importing Assets/Course Library/_Source_Files/FBX/SimplePeople.fbx using Guid(c72c97e952bf7834b85e6164373d310d) Importer(815301076,1909f56bfc062723c751e8b465ee728b)  -> (artifact id: '22f2d8ba4d4228f1e69fa688efe3bbe8') in 0.685704 seconds
  Import took 0.689943 seconds .

========================================================================
Received Import Request.
  Time since last request: 0.000158 seconds.
  path: Assets/Course Library/_Source_Files/FBX/Animations.fbx
  artifactKey: Guid(d55a3dafe23105e409ee70d6605cbd49) Importer(815301076,1909f56bfc062723c751e8b465ee728b)
Start importing Assets/Course Library/_Source_Files/FBX/Animations.fbx using Guid(d55a3dafe23105e409ee70d6605cbd49) Importer(815301076,1909f56bfc062723c751e8b465ee728b)  -> (artifact id: 'a9880e571e880d9bd6ac152f1459fffa') in 0.029839 seconds
  Import took 0.036342 seconds .

========================================================================
Received Import Request.
  Time since last request: 0.000185 seconds.
  path: Assets/Course Library/_Source_Files/FBX/SM_Icon_Banana_02.fbx
  artifactKey: Guid(796f38e395d865d4d91774af07561c7a) Importer(815301076,1909f56bfc062723c751e8b465ee728b)
Start importing Assets/Course Library/_Source_Files/FBX/SM_Icon_Banana_02.fbx using Guid(796f38e395d865d4d91774af07561c7a) Importer(815301076,1909f56bfc062723c751e8b465ee728b)  -> (artifact id: '1b8350cb4439da0520d6282384abd8bb') in 0.023929 seconds
  Import took 0.028240 seconds .

========================================================================
Received Import Request.
  Time since last request: 0.000241 seconds.
  path: Assets/Course Library/_Source_Files/FBX/Animations_IK.fbx
  artifactKey: Guid(6e4b26fde7f77c046bed3bb532de26f1) Importer(815301076,1909f56bfc062723c751e8b465ee728b)
Start importing Assets/Course Library/_Source_Files/FBX/Animations_IK.fbx using Guid(6e4b26fde7f77c046bed3bb532de26f1) Importer(815301076,1909f56bfc062723c751e8b465ee728b)  -> (artifact id: '32f601b9e82983e5d1724fda48a02ebe') in 0.024362 seconds
  Import took 0.029310 seconds .

========================================================================
Received Prepare
Registering precompiled user dll's ...
Registered in 0.001597 seconds.
Begin MonoManager ReloadAssembly
Native extension for WindowsStandalone target not found
Refreshing native plugins compatible for Editor in 0.44 ms, found 0 plugins.
Preloading 0 native plugins for Editor in 0.00 ms.
Mono: successfully reloaded assembly
- Completed reload, in  1.145 seconds
Platform modules already initialized, skipping
Shader 'Universal Render Pipeline/Particles/Lit': fallback shader 'Universal Render Pipeline/Particles/SimpleLit' not found
Refreshing native plugins compatible for Editor in 0.57 ms, found 0 plugins.
Preloading 0 native plugins for Editor in 0.00 ms.
Unloading 2337 Unused Serialized files (Serialized files now loaded: 0)
System memory in use before: 128.3 MB.
System memory in use after: 128.6 MB.

Unloading 5 unused Assets to reduce memory usage. Loaded Objects now: 2959.
Total: 2.793800 ms (FindLiveObjects: 0.264600 ms CreateObjectMapping: 0.081600 ms MarkObjects: 2.425200 ms  DeleteObjects: 0.020800 ms)

========================================================================
Received Prepare
Registering precompiled user dll's ...
Registered in 0.001293 seconds.
Begin MonoManager ReloadAssembly
Native extension for WindowsStandalone target not found
Refreshing native plugins compatible for Editor in 0.63 ms, found 0 plugins.
Preloading 0 native plugins for Editor in 0.00 ms.
Mono: successfully reloaded assembly
- Completed reload, in  1.317 seconds
Platform modules already initialized, skipping
Shader 'Universal Render Pipeline/Particles/Lit': fallback shader 'Universal Render Pipeline/Particles/SimpleLit' not found
Refreshing native plugins compatible for Editor in 0.71 ms, found 0 plugins.
Preloading 0 native plugins for Editor in 0.00 ms.
Unloading 2337 Unused Serialized files (Serialized files now loaded: 0)
System memory in use before: 128.4 MB.
System memory in use after: 128.6 MB.

Unloading 5 unused Assets to reduce memory usage. Loaded Objects now: 2962.
Total: 3.500300 ms (FindLiveObjects: 0.464500 ms CreateObjectMapping: 0.205300 ms MarkObjects: 2.808100 ms  DeleteObjects: 0.020600 ms)

========================================================================
Received Import Request.
  Time since last request: 598.590385 seconds.
  path: Assets/Scripts
  artifactKey: Guid(02a3527b6b33a924e8ec66aa805ea717) Importer(815301076,1909f56bfc062723c751e8b465ee728b)
Start importing Assets/Scripts using Guid(02a3527b6b33a924e8ec66aa805ea717) Importer(815301076,1909f56bfc062723c751e8b465ee728b)  -> (artifact id: 'f0a913a0049096cde5d6a727232f232f') in 0.013658 seconds
  Import took 0.018323 seconds .

========================================================================
Received Import Request.
  Time since last request: 2.481336 seconds.
  path: Assets/Scripts/CharacterController.cs
  artifactKey: Guid(c0ad5b0c4b936bb4fbf79b5d308b2ac5) Importer(815301076,1909f56bfc062723c751e8b465ee728b)
Start importing Assets/Scripts/CharacterController.cs using Guid(c0ad5b0c4b936bb4fbf79b5d308b2ac5) Importer(815301076,1909f56bfc062723c751e8b465ee728b)  -> (artifact id: '6e3161ff5d0aa5c5ad084f0d3d33faa3') in 0.026140 seconds
  Import took 0.030898 seconds .

========================================================================
Received Import Request.
  Time since last request: 0.010092 seconds.
  path: Assets/Scripts/CharacterController.cs
  artifactKey: Guid(c0ad5b0c4b936bb4fbf79b5d308b2ac5) Importer(815301076,1909f56bfc062723c751e8b465ee728b)
Start importing Assets/Scripts/CharacterController.cs using Guid(c0ad5b0c4b936bb4fbf79b5d308b2ac5) Importer(815301076,1909f56bfc062723c751e8b465ee728b)  -> (artifact id: '6e3161ff5d0aa5c5ad084f0d3d33faa3') in 0.004056 seconds
  Import took 0.008273 seconds .

========================================================================
Received Import Request.
  Time since last request: 80.565699 seconds.
  path: Assets/Scripts/CharacterController.cs
  artifactKey: Guid(c0ad5b0c4b936bb4fbf79b5d308b2ac5) Importer(815301076,1909f56bfc062723c751e8b465ee728b)
Start importing Assets/Scripts/CharacterController.cs using Guid(c0ad5b0c4b936bb4fbf79b5d308b2ac5) Importer(815301076,1909f56bfc062723c751e8b465ee728b)  -> (artifact id: '09cc4e687bd1b889b268284521549eb3') in 0.003782 seconds
  Import took 0.008017 seconds .

========================================================================
Received Prepare
Registering precompiled user dll's ...
Registered in 0.001713 seconds.
Begin MonoManager ReloadAssembly
Native extension for WindowsStandalone target not found
Refreshing native plugins compatible for Editor in 0.52 ms, found 0 plugins.
Preloading 0 native plugins for Editor in 0.00 ms.
Mono: successfully reloaded assembly
- Completed reload, in  1.173 seconds
Platform modules already initialized, skipping
Shader 'Universal Render Pipeline/Particles/Lit': fallback shader 'Universal Render Pipeline/Particles/SimpleLit' not found
Refreshing native plugins compatible for Editor in 0.43 ms, found 0 plugins.
Preloading 0 native plugins for Editor in 0.00 ms.
Unloading 2337 Unused Serialized files (Serialized files now loaded: 0)
System memory in use before: 128.4 MB.
System memory in use after: 128.6 MB.

Unloading 5 unused Assets to reduce memory usage. Loaded Objects now: 2965.
Total: 2.590100 ms (FindLiveObjects: 0.257100 ms CreateObjectMapping: 0.073600 ms MarkObjects: 2.241500 ms  DeleteObjects: 0.016400 ms)

========================================================================
Received Prepare
Registering precompiled user dll's ...
Registered in 0.001306 seconds.
Begin MonoManager ReloadAssembly
Native extension for WindowsStandalone target not found
Refreshing native plugins compatible for Editor in 0.46 ms, found 0 plugins.
Preloading 0 native plugins for Editor in 0.00 ms.
Mono: successfully reloaded assembly
- Completed reload, in  1.199 seconds
Platform modules already initialized, skipping
Shader 'Universal Render Pipeline/Particles/Lit': fallback shader 'Universal Render Pipeline/Particles/SimpleLit' not found
Refreshing native plugins compatible for Editor in 0.50 ms, found 0 plugins.
Preloading 0 native plugins for Editor in 0.00 ms.
Unloading 2337 Unused Serialized files (Serialized files now loaded: 0)
System memory in use before: 128.3 MB.
System memory in use after: 128.5 MB.

Unloading 5 unused Assets to reduce memory usage. Loaded Objects now: 2968.
Total: 2.981500 ms (FindLiveObjects: 0.277300 ms CreateObjectMapping: 0.087400 ms MarkObjects: 2.595200 ms  DeleteObjects: 0.019800 ms)

========================================================================
Received Prepare
Registering precompiled user dll's ...
Registered in 0.002325 seconds.
Begin MonoManager ReloadAssembly
Native extension for WindowsStandalone target not found
Refreshing native plugins compatible for Editor in 0.80 ms, found 0 plugins.
Preloading 0 native plugins for Editor in 0.00 ms.
Mono: successfully reloaded assembly
- Completed reload, in  1.263 seconds
Platform modules already initialized, skipping
Shader 'Universal Render Pipeline/Particles/Lit': fallback shader 'Universal Render Pipeline/Particles/SimpleLit' not found
Refreshing native plugins compatible for Editor in 0.47 ms, found 0 plugins.
Preloading 0 native plugins for Editor in 0.00 ms.
Unloading 2337 Unused Serialized files (Serialized files now loaded: 0)
System memory in use before: 128.4 MB.
System memory in use after: 128.6 MB.

Unloading 5 unused Assets to reduce memory usage. Loaded Objects now: 2971.
Total: 3.156000 ms (FindLiveObjects: 0.250700 ms CreateObjectMapping: 0.071800 ms MarkObjects: 2.811700 ms  DeleteObjects: 0.020200 ms)

========================================================================
Received Prepare
Registering precompiled user dll's ...
Registered in 0.001577 seconds.
Begin MonoManager ReloadAssembly
Native extension for WindowsStandalone target not found
Refreshing native plugins compatible for Editor in 0.45 ms, found 0 plugins.
Preloading 0 native plugins for Editor in 0.00 ms.
Mono: successfully reloaded assembly
- Completed reload, in  1.147 seconds
Platform modules already initialized, skipping
Shader 'Universal Render Pipeline/Particles/Lit': fallback shader 'Universal Render Pipeline/Particles/SimpleLit' not found
Refreshing native plugins compatible for Editor in 0.47 ms, found 0 plugins.
Preloading 0 native plugins for Editor in 0.00 ms.
Unloading 2337 Unused Serialized files (Serialized files now loaded: 0)
System memory in use before: 128.4 MB.
System memory in use after: 128.6 MB.

Unloading 5 unused Assets to reduce memory usage. Loaded Objects now: 2974.
Total: 2.120100 ms (FindLiveObjects: 0.232700 ms CreateObjectMapping: 0.058700 ms MarkObjects: 1.813200 ms  DeleteObjects: 0.014500 ms)

========================================================================
Received Prepare
Registering precompiled user dll's ...
Registered in 0.001505 seconds.
Begin MonoManager ReloadAssembly
Native extension for WindowsStandalone target not found
Refreshing native plugins compatible for Editor in 0.54 ms, found 0 plugins.
Preloading 0 native plugins for Editor in 0.00 ms.
Mono: successfully reloaded assembly
- Completed reload, in  1.176 seconds
Platform modules already initialized, skipping
Shader 'Universal Render Pipeline/Particles/Lit': fallback shader 'Universal Render Pipeline/Particles/SimpleLit' not found
Refreshing native plugins compatible for Editor in 0.41 ms, found 0 plugins.
Preloading 0 native plugins for Editor in 0.00 ms.
Unloading 2337 Unused Serialized files (Serialized files now loaded: 0)
System memory in use before: 128.4 MB.
System memory in use after: 128.6 MB.

Unloading 5 unused Assets to reduce memory usage. Loaded Objects now: 2977.
Total: 2.103200 ms (FindLiveObjects: 0.234500 ms CreateObjectMapping: 0.059400 ms MarkObjects: 1.793200 ms  DeleteObjects: 0.014900 ms)

========================================================================
Received Prepare
Registering precompiled user dll's ...
Registered in 0.001684 seconds.
Begin MonoManager ReloadAssembly
Native extension for WindowsStandalone target not found
Refreshing native plugins compatible for Editor in 0.67 ms, found 0 plugins.
Preloading 0 native plugins for Editor in 0.00 ms.
Mono: successfully reloaded assembly
- Completed reload, in  1.323 seconds
Platform modules already initialized, skipping
Shader 'Universal Render Pipeline/Particles/Lit': fallback shader 'Universal Render Pipeline/Particles/SimpleLit' not found
Refreshing native plugins compatible for Editor in 0.57 ms, found 0 plugins.
Preloading 0 native plugins for Editor in 0.00 ms.
Unloading 2337 Unused Serialized files (Serialized files now loaded: 0)
System memory in use before: 128.4 MB.
System memory in use after: 128.6 MB.

Unloading 5 unused Assets to reduce memory usage. Loaded Objects now: 2980.
Total: 2.911300 ms (FindLiveObjects: 0.324200 ms CreateObjectMapping: 0.100000 ms MarkObjects: 2.469600 ms  DeleteObjects: 0.016000 ms)

========================================================================
Received Prepare
Registering precompiled user dll's ...
Registered in 0.001597 seconds.
Begin MonoManager ReloadAssembly
Native extension for WindowsStandalone target not found
Refreshing native plugins compatible for Editor in 0.43 ms, found 0 plugins.
Preloading 0 native plugins for Editor in 0.00 ms.
Mono: successfully reloaded assembly
- Completed reload, in  1.189 seconds
Platform modules already initialized, skipping
Shader 'Universal Render Pipeline/Particles/Lit': fallback shader 'Universal Render Pipeline/Particles/SimpleLit' not found
Refreshing native plugins compatible for Editor in 0.45 ms, found 0 plugins.
Preloading 0 native plugins for Editor in 0.00 ms.
Unloading 2337 Unused Serialized files (Serialized files now loaded: 0)
System memory in use before: 128.3 MB.
System memory in use after: 128.6 MB.

Unloading 5 unused Assets to reduce memory usage. Loaded Objects now: 2983.
Total: 2.807500 ms (FindLiveObjects: 0.256500 ms CreateObjectMapping: 0.072600 ms MarkObjects: 2.458100 ms  DeleteObjects: 0.019000 ms)

========================================================================
Received Prepare
Registering precompiled user dll's ...
Registered in 0.001878 seconds.
Begin MonoManager ReloadAssembly
Native extension for WindowsStandalone target not found
Refreshing native plugins compatible for Editor in 0.54 ms, found 0 plugins.
Preloading 0 native plugins for Editor in 0.00 ms.
Mono: successfully reloaded assembly
- Completed reload, in  1.279 seconds
Platform modules already initialized, skipping
Shader 'Universal Render Pipeline/Particles/Lit': fallback shader 'Universal Render Pipeline/Particles/SimpleLit' not found
Refreshing native plugins compatible for Editor in 0.47 ms, found 0 plugins.
Preloading 0 native plugins for Editor in 0.00 ms.
Unloading 2337 Unused Serialized files (Serialized files now loaded: 0)
System memory in use before: 128.4 MB.
System memory in use after: 128.7 MB.

Unloading 5 unused Assets to reduce memory usage. Loaded Objects now: 2986.
Total: 2.943700 ms (FindLiveObjects: 0.358300 ms CreateObjectMapping: 0.124600 ms MarkObjects: 2.439600 ms  DeleteObjects: 0.019400 ms)

========================================================================
Received Prepare
Registering precompiled user dll's ...
Registered in 0.001519 seconds.
Begin MonoManager ReloadAssembly
Native extension for WindowsStandalone target not found
Refreshing native plugins compatible for Editor in 0.47 ms, found 0 plugins.
Preloading 0 native plugins for Editor in 0.00 ms.
Mono: successfully reloaded assembly
- Completed reload, in  1.176 seconds
Platform modules already initialized, skipping
Shader 'Universal Render Pipeline/Particles/Lit': fallback shader 'Universal Render Pipeline/Particles/SimpleLit' not found
Refreshing native plugins compatible for Editor in 0.45 ms, found 0 plugins.
Preloading 0 native plugins for Editor in 0.00 ms.
Unloading 2337 Unused Serialized files (Serialized files now loaded: 0)
System memory in use before: 128.4 MB.
System memory in use after: 128.7 MB.

Unloading 5 unused Assets to reduce memory usage. Loaded Objects now: 2989.
Total: 2.432800 ms (FindLiveObjects: 0.270800 ms CreateObjectMapping: 0.083600 ms MarkObjects: 2.060200 ms  DeleteObjects: 0.016700 ms)

========================================================================
Received Import Request.
  Time since last request: 379.337605 seconds.
  path: Assets/Scripts/CharacterController.cs
  artifactKey: Guid(c0ad5b0c4b936bb4fbf79b5d308b2ac5) Importer(815301076,1909f56bfc062723c751e8b465ee728b)
Start importing Assets/Scripts/CharacterController.cs using Guid(c0ad5b0c4b936bb4fbf79b5d308b2ac5) Importer(815301076,1909f56bfc062723c751e8b465ee728b)  -> (artifact id: 'ef087a7da2cc7552f3907201d0c54712') in 0.011713 seconds
  Import took 0.016389 seconds .

========================================================================
Received Prepare
Registering precompiled user dll's ...
Registered in 0.001833 seconds.
Begin MonoManager ReloadAssembly
Native extension for WindowsStandalone target not found
Refreshing native plugins compatible for Editor in 0.46 ms, found 0 plugins.
Preloading 0 native plugins for Editor in 0.00 ms.
Mono: successfully reloaded assembly
- Completed reload, in  1.327 seconds
Platform modules already initialized, skipping
Shader 'Universal Render Pipeline/Particles/Lit': fallback shader 'Universal Render Pipeline/Particles/SimpleLit' not found
Refreshing native plugins compatible for Editor in 0.50 ms, found 0 plugins.
Preloading 0 native plugins for Editor in 0.00 ms.
Unloading 2337 Unused Serialized files (Serialized files now loaded: 0)
System memory in use before: 128.4 MB.
System memory in use after: 128.7 MB.

Unloading 5 unused Assets to reduce memory usage. Loaded Objects now: 2992.
Total: 2.970200 ms (FindLiveObjects: 0.285200 ms CreateObjectMapping: 0.087200 ms MarkObjects: 2.575400 ms  DeleteObjects: 0.020600 ms)

========================================================================
Received Import Request.
  Time since last request: 167.842732 seconds.
  path: Assets/Scripts/CharacterController2.cs
  artifactKey: Guid(c0ad5b0c4b936bb4fbf79b5d308b2ac5) Importer(815301076,1909f56bfc062723c751e8b465ee728b)
Start importing Assets/Scripts/CharacterController2.cs using Guid(c0ad5b0c4b936bb4fbf79b5d308b2ac5) Importer(815301076,1909f56bfc062723c751e8b465ee728b)  -> (artifact id: '34e98dcba07bdb3cbfa107745b67ff13') in 0.012930 seconds
  Import took 0.017321 seconds .

========================================================================
Received Prepare
Registering precompiled user dll's ...
Registered in 0.001546 seconds.
Begin MonoManager ReloadAssembly
Native extension for WindowsStandalone target not found
Refreshing native plugins compatible for Editor in 0.57 ms, found 0 plugins.
Preloading 0 native plugins for Editor in 0.00 ms.
Mono: successfully reloaded assembly
- Completed reload, in  1.286 seconds
Platform modules already initialized, skipping
Shader 'Universal Render Pipeline/Particles/Lit': fallback shader 'Universal Render Pipeline/Particles/SimpleLit' not found
Refreshing native plugins compatible for Editor in 0.46 ms, found 0 plugins.
Preloading 0 native plugins for Editor in 0.00 ms.
Unloading 2337 Unused Serialized files (Serialized files now loaded: 0)
System memory in use before: 128.5 MB.
System memory in use after: 128.7 MB.

Unloading 5 unused Assets to reduce memory usage. Loaded Objects now: 2995.
Total: 2.907600 ms (FindLiveObjects: 0.337400 ms CreateObjectMapping: 0.143000 ms MarkObjects: 2.406600 ms  DeleteObjects: 0.018600 ms)

========================================================================
Received Prepare
Registering precompiled user dll's ...
Registered in 0.001325 seconds.
Begin MonoManager ReloadAssembly
Native extension for WindowsStandalone target not found
Refreshing native plugins compatible for Editor in 0.68 ms, found 0 plugins.
Preloading 0 native plugins for Editor in 0.00 ms.
Mono: successfully reloaded assembly
- Completed reload, in  1.300 seconds
Platform modules already initialized, skipping
Shader 'Universal Render Pipeline/Particles/Lit': fallback shader 'Universal Render Pipeline/Particles/SimpleLit' not found
Refreshing native plugins compatible for Editor in 0.58 ms, found 0 plugins.
Preloading 0 native plugins for Editor in 0.00 ms.
Unloading 2337 Unused Serialized files (Serialized files now loaded: 0)
System memory in use before: 128.4 MB.
System memory in use after: 128.6 MB.

Unloading 5 unused Assets to reduce memory usage. Loaded Objects now: 2998.
Total: 3.994000 ms (FindLiveObjects: 0.301300 ms CreateObjectMapping: 0.133300 ms MarkObjects: 3.536500 ms  DeleteObjects: 0.021200 ms)

========================================================================
Received Prepare
Registering precompiled user dll's ...
Registered in 0.001403 seconds.
Begin MonoManager ReloadAssembly
Native extension for WindowsStandalone target not found
Refreshing native plugins compatible for Editor in 0.78 ms, found 0 plugins.
Preloading 0 native plugins for Editor in 0.00 ms.
Mono: successfully reloaded assembly
- Completed reload, in  1.237 seconds
Platform modules already initialized, skipping
Shader 'Universal Render Pipeline/Particles/Lit': fallback shader 'Universal Render Pipeline/Particles/SimpleLit' not found
Refreshing native plugins compatible for Editor in 0.73 ms, found 0 plugins.
Preloading 0 native plugins for Editor in 0.00 ms.
Unloading 2337 Unused Serialized files (Serialized files now loaded: 0)
System memory in use before: 128.5 MB.
System memory in use after: 128.7 MB.

Unloading 5 unused Assets to reduce memory usage. Loaded Objects now: 3001.
Total: 2.929500 ms (FindLiveObjects: 0.284200 ms CreateObjectMapping: 0.091300 ms MarkObjects: 2.534800 ms  DeleteObjects: 0.017700 ms)

========================================================================
Received Prepare
Registering precompiled user dll's ...
Registered in 0.001542 seconds.
Begin MonoManager ReloadAssembly
Native extension for WindowsStandalone target not found
Refreshing native plugins compatible for Editor in 0.42 ms, found 0 plugins.
Preloading 0 native plugins for Editor in 0.00 ms.
Mono: successfully reloaded assembly
- Completed reload, in  1.096 seconds
Platform modules already initialized, skipping
Shader 'Universal Render Pipeline/Particles/Lit': fallback shader 'Universal Render Pipeline/Particles/SimpleLit' not found
Refreshing native plugins compatible for Editor in 0.41 ms, found 0 plugins.
Preloading 0 native plugins for Editor in 0.00 ms.
Unloading 2337 Unused Serialized files (Serialized files now loaded: 0)
System memory in use before: 128.5 MB.
System memory in use after: 128.7 MB.

Unloading 5 unused Assets to reduce memory usage. Loaded Objects now: 3004.
Total: 2.799700 ms (FindLiveObjects: 0.277300 ms CreateObjectMapping: 0.084400 ms MarkObjects: 2.418700 ms  DeleteObjects: 0.017800 ms)

========================================================================
Received Prepare
Registering precompiled user dll's ...
Registered in 0.001496 seconds.
Begin MonoManager ReloadAssembly
Native extension for WindowsStandalone target not found
Refreshing native plugins compatible for Editor in 0.42 ms, found 0 plugins.
Preloading 0 native plugins for Editor in 0.00 ms.
Mono: successfully reloaded assembly
- Completed reload, in  1.229 seconds
Platform modules already initialized, skipping
Shader 'Universal Render Pipeline/Particles/Lit': fallback shader 'Universal Render Pipeline/Particles/SimpleLit' not found
Refreshing native plugins compatible for Editor in 0.42 ms, found 0 plugins.
Preloading 0 native plugins for Editor in 0.00 ms.
Unloading 2337 Unused Serialized files (Serialized files now loaded: 0)
System memory in use before: 128.5 MB.
System memory in use after: 128.7 MB.

Unloading 5 unused Assets to reduce memory usage. Loaded Objects now: 3007.
Total: 2.479600 ms (FindLiveObjects: 0.253200 ms CreateObjectMapping: 0.072000 ms MarkObjects: 2.138700 ms  DeleteObjects: 0.014700 ms)

========================================================================
Received Prepare
Registering precompiled user dll's ...
Registered in 0.001523 seconds.
Begin MonoManager ReloadAssembly
Native extension for WindowsStandalone target not found
Refreshing native plugins compatible for Editor in 0.55 ms, found 0 plugins.
Preloading 0 native plugins for Editor in 0.00 ms.
Mono: successfully reloaded assembly
- Completed reload, in  1.476 seconds
Platform modules already initialized, skipping
Shader 'Universal Render Pipeline/Particles/Lit': fallback shader 'Universal Render Pipeline/Particles/SimpleLit' not found
Refreshing native plugins compatible for Editor in 0.51 ms, found 0 plugins.
Preloading 0 native plugins for Editor in 0.00 ms.
Unloading 2337 Unused Serialized files (Serialized files now loaded: 0)
System memory in use before: 128.5 MB.
System memory in use after: 128.7 MB.

Unloading 5 unused Assets to reduce memory usage. Loaded Objects now: 3010.
Total: 2.937800 ms (FindLiveObjects: 0.288000 ms CreateObjectMapping: 0.095400 ms MarkObjects: 2.533500 ms  DeleteObjects: 0.019400 ms)

========================================================================
Received Prepare
Registering precompiled user dll's ...
Registered in 0.001598 seconds.
Begin MonoManager ReloadAssembly
Native extension for WindowsStandalone target not found
Refreshing native plugins compatible for Editor in 0.46 ms, found 0 plugins.
Preloading 0 native plugins for Editor in 0.00 ms.
Mono: successfully reloaded assembly
- Completed reload, in  1.197 seconds
Platform modules already initialized, skipping
Shader 'Universal Render Pipeline/Particles/Lit': fallback shader 'Universal Render Pipeline/Particles/SimpleLit' not found
Refreshing native plugins compatible for Editor in 0.42 ms, found 0 plugins.
Preloading 0 native plugins for Editor in 0.00 ms.
Unloading 2337 Unused Serialized files (Serialized files now loaded: 0)
System memory in use before: 128.4 MB.
System memory in use after: 128.6 MB.

Unloading 5 unused Assets to reduce memory usage. Loaded Objects now: 3013.
Total: 2.726300 ms (FindLiveObjects: 0.259900 ms CreateObjectMapping: 0.074800 ms MarkObjects: 2.370300 ms  DeleteObjects: 0.019700 ms)

========================================================================
Received Prepare
Registering precompiled user dll's ...
Registered in 0.002250 seconds.
Begin MonoManager ReloadAssembly
Native extension for WindowsStandalone target not found
Refreshing native plugins compatible for Editor in 0.47 ms, found 0 plugins.
Preloading 0 native plugins for Editor in 0.00 ms.
Mono: successfully reloaded assembly
- Completed reload, in  1.515 seconds
Platform modules already initialized, skipping
Shader 'Universal Render Pipeline/Particles/Lit': fallback shader 'Universal Render Pipeline/Particles/SimpleLit' not found
Refreshing native plugins compatible for Editor in 0.46 ms, found 0 plugins.
Preloading 0 native plugins for Editor in 0.00 ms.
Unloading 2337 Unused Serialized files (Serialized files now loaded: 0)
System memory in use before: 128.5 MB.
System memory in use after: 128.7 MB.

Unloading 5 unused Assets to reduce memory usage. Loaded Objects now: 3016.
Total: 2.460800 ms (FindLiveObjects: 0.278000 ms CreateObjectMapping: 0.084100 ms MarkObjects: 2.080500 ms  DeleteObjects: 0.016500 ms)

========================================================================
Received Prepare
Registering precompiled user dll's ...
Registered in 0.001503 seconds.
Begin MonoManager ReloadAssembly
Native extension for WindowsStandalone target not found
Refreshing native plugins compatible for Editor in 0.41 ms, found 0 plugins.
Preloading 0 native plugins for Editor in 0.00 ms.
Mono: successfully reloaded assembly
- Completed reload, in  1.281 seconds
Platform modules already initialized, skipping
Shader 'Universal Render Pipeline/Particles/Lit': fallback shader 'Universal Render Pipeline/Particles/SimpleLit' not found
Refreshing native plugins compatible for Editor in 0.43 ms, found 0 plugins.
Preloading 0 native plugins for Editor in 0.00 ms.
Unloading 2337 Unused Serialized files (Serialized files now loaded: 0)
System memory in use before: 128.5 MB.
System memory in use after: 128.7 MB.

Unloading 5 unused Assets to reduce memory usage. Loaded Objects now: 3019.
Total: 2.468900 ms (FindLiveObjects: 0.253300 ms CreateObjectMapping: 0.073300 ms MarkObjects: 2.124500 ms  DeleteObjects: 0.016600 ms)

========================================================================
Received Prepare
Registering precompiled user dll's ...
Registered in 0.001769 seconds.
Begin MonoManager ReloadAssembly
Native extension for WindowsStandalone target not found
Refreshing native plugins compatible for Editor in 0.40 ms, found 0 plugins.
Preloading 0 native plugins for Editor in 0.00 ms.
Mono: successfully reloaded assembly
- Completed reload, in  1.202 seconds
Platform modules already initialized, skipping
Shader 'Universal Render Pipeline/Particles/Lit': fallback shader 'Universal Render Pipeline/Particles/SimpleLit' not found
Refreshing native plugins compatible for Editor in 0.46 ms, found 0 plugins.
Preloading 0 native plugins for Editor in 0.00 ms.
Unloading 2337 Unused Serialized files (Serialized files now loaded: 0)
System memory in use before: 128.5 MB.
System memory in use after: 128.7 MB.

Unloading 5 unused Assets to reduce memory usage. Loaded Objects now: 3022.
Total: 2.866200 ms (FindLiveObjects: 0.277700 ms CreateObjectMapping: 0.085800 ms MarkObjects: 2.483800 ms  DeleteObjects: 0.017600 ms)

========================================================================
Received Import Request.
  Time since last request: 508.145609 seconds.
  path: Assets/AssetStoreObjects/Free_cat/Animations/cat.controller
  artifactKey: Guid(df2e20b0d1dd9a844b3c911ccf4843ee) Importer(815301076,1909f56bfc062723c751e8b465ee728b)
Start importing Assets/AssetStoreObjects/Free_cat/Animations/cat.controller using Guid(df2e20b0d1dd9a844b3c911ccf4843ee) Importer(815301076,1909f56bfc062723c751e8b465ee728b)  -> (artifact id: '0d2787c0f7df8d39e746abc8dce7f878') in 0.037757 seconds
  Import took 0.044885 seconds .

========================================================================
Received Import Request.
  Time since last request: 4.465275 seconds.
  path: Assets/AssetStoreObjects/Free_cat/Models/cat.fbx
  artifactKey: Guid(9b574434f73c46a4eb333235dd556599) Importer(815301076,1909f56bfc062723c751e8b465ee728b)
Start importing Assets/AssetStoreObjects/Free_cat/Models/cat.fbx using Guid(9b574434f73c46a4eb333235dd556599) Importer(815301076,1909f56bfc062723c751e8b465ee728b)  -> (artifact id: '90def1ce14e9a83767adc48f385d678b') in 0.337598 seconds
  Import took 0.344633 seconds .

========================================================================
Received Prepare
Registering precompiled user dll's ...
Registered in 0.001512 seconds.
Begin MonoManager ReloadAssembly
Native extension for WindowsStandalone target not found
Refreshing native plugins compatible for Editor in 0.43 ms, found 0 plugins.
Preloading 0 native plugins for Editor in 0.00 ms.
Mono: successfully reloaded assembly
- Completed reload, in  1.159 seconds
Platform modules already initialized, skipping
Shader 'Universal Render Pipeline/Particles/Lit': fallback shader 'Universal Render Pipeline/Particles/SimpleLit' not found
Refreshing native plugins compatible for Editor in 0.65 ms, found 0 plugins.
Preloading 0 native plugins for Editor in 0.00 ms.
Unloading 2337 Unused Serialized files (Serialized files now loaded: 0)
System memory in use before: 128.7 MB.
System memory in use after: 128.9 MB.

Unloading 5 unused Assets to reduce memory usage. Loaded Objects now: 3061.
Total: 3.339200 ms (FindLiveObjects: 0.319300 ms CreateObjectMapping: 0.167600 ms MarkObjects: 2.832200 ms  DeleteObjects: 0.018700 ms)

========================================================================
Received Prepare
Registering precompiled user dll's ...
Registered in 0.001569 seconds.
Begin MonoManager ReloadAssembly
Native extension for WindowsStandalone target not found
Refreshing native plugins compatible for Editor in 0.46 ms, found 0 plugins.
Preloading 0 native plugins for Editor in 0.00 ms.
Mono: successfully reloaded assembly
- Completed reload, in  1.241 seconds
Platform modules already initialized, skipping
Shader 'Universal Render Pipeline/Particles/Lit': fallback shader 'Universal Render Pipeline/Particles/SimpleLit' not found
Refreshing native plugins compatible for Editor in 0.47 ms, found 0 plugins.
Preloading 0 native plugins for Editor in 0.00 ms.
Unloading 2337 Unused Serialized files (Serialized files now loaded: 0)
System memory in use before: 128.6 MB.
System memory in use after: 128.8 MB.

Unloading 5 unused Assets to reduce memory usage. Loaded Objects now: 3064.
Total: 3.510600 ms (FindLiveObjects: 0.268800 ms CreateObjectMapping: 0.076200 ms MarkObjects: 3.144700 ms  DeleteObjects: 0.019400 ms)

========================================================================
Received Import Request.
  Time since last request: 74.218723 seconds.
  path: Assets/AssetStoreObjects/Free_cat/Animations/cat.controller
  artifactKey: Guid(df2e20b0d1dd9a844b3c911ccf4843ee) Importer(815301076,1909f56bfc062723c751e8b465ee728b)
Start importing Assets/AssetStoreObjects/Free_cat/Animations/cat.controller using Guid(df2e20b0d1dd9a844b3c911ccf4843ee) Importer(815301076,1909f56bfc062723c751e8b465ee728b)  -> (artifact id: '4c60f7b740a91508aa0a74f3aeb93504') in 0.018154 seconds
  Import took 0.022965 seconds .

========================================================================
Received Import Request.
  Time since last request: 1.307498 seconds.
  path: Assets/AssetStoreObjects/Free_cat/Animations/cat.controller
  artifactKey: Guid(df2e20b0d1dd9a844b3c911ccf4843ee) Importer(815301076,1909f56bfc062723c751e8b465ee728b)
Start importing Assets/AssetStoreObjects/Free_cat/Animations/cat.controller using Guid(df2e20b0d1dd9a844b3c911ccf4843ee) Importer(815301076,1909f56bfc062723c751e8b465ee728b)  -> (artifact id: '4c60f7b740a91508aa0a74f3aeb93504') in 0.006635 seconds
  Import took 0.011152 seconds .

========================================================================
Received Prepare
Registering precompiled user dll's ...
Registered in 0.001463 seconds.
Begin MonoManager ReloadAssembly
Native extension for WindowsStandalone target not found
Refreshing native plugins compatible for Editor in 0.52 ms, found 0 plugins.
Preloading 0 native plugins for Editor in 0.00 ms.
Mono: successfully reloaded assembly
- Completed reload, in  1.169 seconds
Platform modules already initialized, skipping
Shader 'Universal Render Pipeline/Particles/Lit': fallback shader 'Universal Render Pipeline/Particles/SimpleLit' not found
Refreshing native plugins compatible for Editor in 0.43 ms, found 0 plugins.
Preloading 0 native plugins for Editor in 0.00 ms.
Unloading 2337 Unused Serialized files (Serialized files now loaded: 0)
System memory in use before: 128.7 MB.
System memory in use after: 128.9 MB.

Unloading 5 unused Assets to reduce memory usage. Loaded Objects now: 3067.
Total: 2.559700 ms (FindLiveObjects: 0.263400 ms CreateObjectMapping: 0.074700 ms MarkObjects: 2.204300 ms  DeleteObjects: 0.016000 ms)

========================================================================
Received Prepare
Registering precompiled user dll's ...
Registered in 0.001521 seconds.
Begin MonoManager ReloadAssembly
Native extension for WindowsStandalone target not found
Refreshing native plugins compatible for Editor in 0.41 ms, found 0 plugins.
Preloading 0 native plugins for Editor in 0.00 ms.
Mono: successfully reloaded assembly
- Completed reload, in  1.165 seconds
Platform modules already initialized, skipping
Shader 'Universal Render Pipeline/Particles/Lit': fallback shader 'Universal Render Pipeline/Particles/SimpleLit' not found
Refreshing native plugins compatible for Editor in 0.41 ms, found 0 plugins.
Preloading 0 native plugins for Editor in 0.00 ms.
Unloading 2337 Unused Serialized files (Serialized files now loaded: 0)
System memory in use before: 128.7 MB.
System memory in use after: 128.9 MB.

Unloading 5 unused Assets to reduce memory usage. Loaded Objects now: 3070.
Total: 3.113900 ms (FindLiveObjects: 0.341900 ms CreateObjectMapping: 0.111800 ms MarkObjects: 2.641700 ms  DeleteObjects: 0.017100 ms)

========================================================================
Received Prepare
Shader 'Universal Render Pipeline/Particles/Lit': fallback shader 'Universal Render Pipeline/Particles/SimpleLit' not found
Refreshing native plugins compatible for Editor in 1.54 ms, found 0 plugins.
Preloading 0 native plugins for Editor in 0.00 ms.
Unloading 3 Unused Serialized files (Serialized files now loaded: 0)
System memory in use before: 82.6 MB.
System memory in use after: 82.8 MB.

Unloading 3 unused Assets to reduce memory usage. Loaded Objects now: 3070.
Total: 2.205600 ms (FindLiveObjects: 0.248600 ms CreateObjectMapping: 0.062400 ms MarkObjects: 1.882400 ms  DeleteObjects: 0.011700 ms)

AssetImportWorkerClient::OnTransportError - code=2 error=End of file
